e:\aula\processamento gráfico\glfw\glfw-3.4\build\src\debug\glfw3.pdb
e:\aula\processamento gráfico\glfw\glfw-3.4\build\src\glfw.dir\debug\win32_window.obj
e:\aula\processamento gráfico\glfw\glfw-3.4\build\src\glfw.dir\debug\win32_monitor.obj
e:\aula\processamento gráfico\glfw\glfw-3.4\build\src\glfw.dir\debug\win32_joystick.obj
e:\aula\processamento gráfico\glfw\glfw-3.4\build\src\glfw.dir\debug\win32_init.obj
e:\aula\processamento gráfico\glfw\glfw-3.4\build\src\glfw.dir\debug\win32_thread.obj
e:\aula\processamento gráfico\glfw\glfw-3.4\build\src\glfw.dir\debug\win32_time.obj
e:\aula\processamento gráfico\glfw\glfw-3.4\build\src\glfw.dir\debug\win32_module.obj
e:\aula\processamento gráfico\glfw\glfw-3.4\build\src\glfw.dir\debug\null_joystick.obj
e:\aula\processamento gráfico\glfw\glfw-3.4\build\src\glfw.dir\debug\null_window.obj
e:\aula\processamento gráfico\glfw\glfw-3.4\build\src\glfw.dir\debug\null_monitor.obj
e:\aula\processamento gráfico\glfw\glfw-3.4\build\src\glfw.dir\debug\null_init.obj
e:\aula\processamento gráfico\glfw\glfw-3.4\build\src\glfw.dir\debug\osmesa_context.obj
e:\aula\processamento gráfico\glfw\glfw-3.4\build\src\glfw.dir\debug\egl_context.obj
e:\aula\processamento gráfico\glfw\glfw-3.4\build\src\glfw.dir\debug\window.obj
e:\aula\processamento gráfico\glfw\glfw-3.4\build\src\glfw.dir\debug\vulkan.obj
e:\aula\processamento gráfico\glfw\glfw-3.4\build\src\glfw.dir\debug\platform.obj
e:\aula\processamento gráfico\glfw\glfw-3.4\build\src\glfw.dir\debug\monitor.obj
e:\aula\processamento gráfico\glfw\glfw-3.4\build\src\glfw.dir\debug\input.obj
e:\aula\processamento gráfico\glfw\glfw-3.4\build\src\glfw.dir\debug\init.obj
e:\aula\processamento gráfico\glfw\glfw-3.4\build\src\glfw.dir\debug\context.obj
e:\aula\processamento gráfico\glfw\glfw-3.4\build\src\glfw.dir\debug\wgl_context.obj
e:\aula\processamento gráfico\glfw\glfw-3.4\build\src\cmakefiles\generate.stamp
e:\aula\processamento gráfico\glfw\glfw-3.4\build\src\debug\glfw3.lib
e:\aula\processamento gráfico\glfw\glfw-3.4\build\src\glfw.dir\debug\glfw.tlog\cl.command.1.tlog
e:\aula\processamento gráfico\glfw\glfw-3.4\build\src\glfw.dir\debug\glfw.tlog\cl.items.tlog
e:\aula\processamento gráfico\glfw\glfw-3.4\build\src\glfw.dir\debug\glfw.tlog\cl.read.1.tlog
e:\aula\processamento gráfico\glfw\glfw-3.4\build\src\glfw.dir\debug\glfw.tlog\cl.write.1.tlog
e:\aula\processamento gráfico\glfw\glfw-3.4\build\src\glfw.dir\debug\glfw.tlog\custombuild.command.1.tlog
e:\aula\processamento gráfico\glfw\glfw-3.4\build\src\glfw.dir\debug\glfw.tlog\custombuild.read.1.tlog
e:\aula\processamento gráfico\glfw\glfw-3.4\build\src\glfw.dir\debug\glfw.tlog\custombuild.write.1.tlog
e:\aula\processamento gráfico\glfw\glfw-3.4\build\src\glfw.dir\debug\glfw.tlog\lib-link.read.1.tlog
e:\aula\processamento gráfico\glfw\glfw-3.4\build\src\glfw.dir\debug\glfw.tlog\lib-link.write.1.tlog
e:\aula\processamento gráfico\glfw\glfw-3.4\build\src\glfw.dir\debug\glfw.tlog\lib.command.1.tlog
